<?xml version="1.0" encoding="UTF-8"?>
<testng-results ignored="0" total="1" passed="1" failed="0" skipped="0">
  <reporter-output>
    <line>
      <![CDATA[Execution in local system]]>
    </line>
    <line>
      <![CDATA[Browser is: Firefox]]>
    </line>
    <line>
      <![CDATA[test data:admin]]>
    </line>
    <line>
      <![CDATA[Google]]>
    </line>
  </reporter-output>
  <suite started-at="2023-05-04T11:35:55 IST" name="Suite" finished-at="2023-05-04T11:36:25 IST" duration-ms="29747">
    <groups>
    </groups>
    <test started-at="2023-05-04T11:35:55 IST" name="Test" finished-at="2023-05-04T11:36:25 IST" duration-ms="29747">
      <class name="script.DemoTest">
        <test-method is-config="true" signature="preCondition(java.lang.String,java.lang.String,java.lang.String)[pri:0, instance:script.DemoTest@4550bb58]" started-at="2023-05-04T11:35:55 IST" name="preCondition" finished-at="2023-05-04T11:36:17 IST" duration-ms="22061" status="PASS">
          <params>
            <param index="0">
              <value>
                <![CDATA[http://www.google.com]]>
              </value>
            </param>
            <param index="1">
              <value>
                <![CDATA[no]]>
              </value>
            </param>
            <param index="2">
              <value>
                <![CDATA[firefox]]>
              </value>
            </param>
          </params>
          <reporter-output>
            <line>
              <![CDATA[Execution in local system]]>
            </line>
            <line>
              <![CDATA[Browser is: Firefox]]>
            </line>
          </reporter-output>
        </test-method> <!-- preCondition -->
        <test-method signature="demoTest1()[pri:0, instance:script.DemoTest@4550bb58]" started-at="2023-05-04T11:36:17 IST" name="demoTest1" finished-at="2023-05-04T11:36:23 IST" duration-ms="5266" status="PASS">
          <reporter-output>
            <line>
              <![CDATA[test data:admin]]>
            </line>
            <line>
              <![CDATA[Google]]>
            </line>
          </reporter-output>
        </test-method> <!-- demoTest1 -->
        <test-method is-config="true" signature="postCondition()[pri:0, instance:script.DemoTest@4550bb58]" started-at="2023-05-04T11:36:23 IST" name="postCondition" finished-at="2023-05-04T11:36:25 IST" duration-ms="2250" status="PASS">
          <reporter-output>
          </reporter-output>
        </test-method> <!-- postCondition -->
      </class> <!-- script.DemoTest -->
    </test> <!-- Test -->
  </suite> <!-- Suite -->
</testng-results>
